webp-library/build/outputs/logs/manifest-merger-debug-report.txt
-- Merging decision tree log ---
manifest
ADDED from AndroidPicturePress\webp-library\AndroidManifest.xml:2:1-9:12
INJECTED from AndroidPicturePress\webp-library\AndroidManifest.xml:2:1-9:12
INJECTED from AndroidPicturePress\webp-library\AndroidManifest.xml:2:1-9:12
INJECTED from AndroidPicturePress\webp-library\AndroidManifest.xml:2:1-9:12
INJECTED from AndroidPicturePress\webp-library\AndroidManifest.xml:2:1-9:12
INJECTED from AndroidPicturePress\webp-library\AndroidManifest.xml:2:1-9:12
INJECTED from AndroidPicturePress\webp-library\AndroidManifest.xml:2:1-9:12
	package
		ADDED from AndroidPicturePress\webp-library\AndroidManifest.xml:3:5-36
		INJECTED from AndroidPicturePress\webp-library\AndroidManifest.xml
		INJECTED from AndroidPicturePress\webp-library\AndroidManifest.xml
	android:versionName
		ADDED from AndroidPicturePress\webp-library\AndroidManifest.xml:5:5-30
		INJECTED from AndroidPicturePress\webp-library\AndroidManifest.xml
		INJECTED from AndroidPicturePress\webp-library\AndroidManifest.xml
	xmlns:android
		ADDED from AndroidPicturePress\webp-library\AndroidManifest.xml:2:11-69
	android:versionCode
		ADDED from AndroidPicturePress\webp-library\AndroidManifest.xml:4:5-28
		INJECTED from AndroidPicturePress\webp-library\AndroidManifest.xml
		INJECTED from AndroidPicturePress\webp-library\AndroidManifest.xml
uses-sdk
ADDED from AndroidPicturePress\webp-library\AndroidManifest.xml:7:5-43
	android:minSdkVersion
		ADDED from AndroidPicturePress\webp-library\AndroidManifest.xml:7:15-40
application
ADDED from AndroidPicturePress\webp-library\AndroidManifest.xml:8:5-20